0 info it worked if it ends with ok
1 verbose cli [ '/usr/bin/nodejs', '/usr/bin/npm', 'install', 'bootstrap' ]
2 info using npm@3.5.2
3 info using node@v4.2.6
4 silly loadCurrentTree Starting
5 silly install loadCurrentTree
6 silly install readLocalPackageData
7 silly fetchPackageMetaData bootstrap@^4.0.0
8 silly fetchNamedPackageData bootstrap
9 silly mapToRegistry name bootstrap
10 silly mapToRegistry using default registry
11 silly mapToRegistry registry https://registry.npmjs.org/
12 silly mapToRegistry uri https://registry.npmjs.org/bootstrap
13 verbose request uri https://registry.npmjs.org/bootstrap
14 verbose request no auth needed
15 info attempt registry request try #1 at 10:31:08
16 verbose request id b8052845d27d44a9
17 verbose etag "5a62cea2-1508c"
18 verbose lastModified Sat, 20 Jan 2018 5:07:46 GMT
19 http request GET https://registry.npmjs.org/bootstrap
20 http 304 https://registry.npmjs.org/bootstrap
21 verbose headers { date: 'Wed, 24 Jan 2018 09:31:07 GMT',
21 verbose headers   via: '1.1 varnish',
21 verbose headers   'cache-control': 'max-age=300',
21 verbose headers   etag: '"5a62cea2-1508c"',
21 verbose headers   age: '13584',
21 verbose headers   connection: 'keep-alive',
21 verbose headers   'x-served-by': 'cache-cdg8720-CDG',
21 verbose headers   'x-cache': 'HIT',
21 verbose headers   'x-cache-hits': '74',
21 verbose headers   'x-timer': 'S1516786268.947555,VS0,VE0',
21 verbose headers   vary: 'Accept-Encoding, Accept' }
22 silly get cb [ 304,
22 silly get   { date: 'Wed, 24 Jan 2018 09:31:07 GMT',
22 silly get     via: '1.1 varnish',
22 silly get     'cache-control': 'max-age=300',
22 silly get     etag: '"5a62cea2-1508c"',
22 silly get     age: '13584',
22 silly get     connection: 'keep-alive',
22 silly get     'x-served-by': 'cache-cdg8720-CDG',
22 silly get     'x-cache': 'HIT',
22 silly get     'x-cache-hits': '74',
22 silly get     'x-timer': 'S1516786268.947555,VS0,VE0',
22 silly get     vary: 'Accept-Encoding, Accept' } ]
23 verbose etag https://registry.npmjs.org/bootstrap from cache
24 verbose get saving bootstrap to /home/fhissirou/.npm/registry.npmjs.org/bootstrap/.cache.json
25 silly install normalizeTree
26 silly loadCurrentTree Finishing
27 silly loadIdealTree Starting
28 silly install loadIdealTree
29 silly cloneCurrentTree Starting
30 silly install cloneCurrentTreeToIdealTree
31 silly cloneCurrentTree Finishing
32 silly loadShrinkwrap Starting
33 silly install loadShrinkwrap
34 silly loadShrinkwrap Finishing
35 silly loadAllDepsIntoIdealTree Starting
36 silly install loadAllDepsIntoIdealTree
37 silly resolveWithNewModule bootstrap@4.0.0 checking installable status
38 silly cache add args [ 'bootstrap@^4.0.0', null ]
39 verbose cache add spec bootstrap@^4.0.0
40 silly cache add parsed spec Result {
40 silly cache add   raw: 'bootstrap@^4.0.0',
40 silly cache add   scope: null,
40 silly cache add   name: 'bootstrap',
40 silly cache add   rawSpec: '^4.0.0',
40 silly cache add   spec: '>=4.0.0 <5.0.0',
40 silly cache add   type: 'range' }
41 silly addNamed bootstrap@>=4.0.0 <5.0.0
42 verbose addNamed ">=4.0.0 <5.0.0" is a valid semver range for bootstrap
43 silly addNameRange { name: 'bootstrap', range: '>=4.0.0 <5.0.0', hasData: false }
44 silly mapToRegistry name bootstrap
45 silly mapToRegistry using default registry
46 silly mapToRegistry registry https://registry.npmjs.org/
47 silly mapToRegistry uri https://registry.npmjs.org/bootstrap
48 verbose addNameRange registry:https://registry.npmjs.org/bootstrap not in flight; fetching
49 verbose get https://registry.npmjs.org/bootstrap not expired, no request
50 silly addNameRange number 2 { name: 'bootstrap', range: '>=4.0.0 <5.0.0', hasData: true }
51 silly addNameRange versions [ 'bootstrap',
51 silly addNameRange   [ '0.0.1',
51 silly addNameRange     '0.0.2',
51 silly addNameRange     '3.1.1',
51 silly addNameRange     '3.2.0',
51 silly addNameRange     '3.3.0',
51 silly addNameRange     '3.3.1',
51 silly addNameRange     '3.3.2',
51 silly addNameRange     '3.3.4',
51 silly addNameRange     '3.3.5',
51 silly addNameRange     '3.3.6',
51 silly addNameRange     '4.0.0-alpha.2',
51 silly addNameRange     '3.3.7',
51 silly addNameRange     '4.0.0-alpha.3',
51 silly addNameRange     '4.0.0-alpha.4',
51 silly addNameRange     '4.0.0-alpha.5',
51 silly addNameRange     '4.0.0-alpha.6',
51 silly addNameRange     '4.0.0-beta',
51 silly addNameRange     '4.0.0-beta.2',
51 silly addNameRange     '4.0.0-beta.3',
51 silly addNameRange     '4.0.0' ] ]
52 silly addNamed bootstrap@4.0.0
53 verbose addNamed "4.0.0" is a plain semver version for bootstrap
54 silly cache afterAdd bootstrap@4.0.0
55 verbose afterAdd /home/fhissirou/.npm/bootstrap/4.0.0/package/package.json not in flight; writing
56 verbose afterAdd /home/fhissirou/.npm/bootstrap/4.0.0/package/package.json written
57 silly loadAllDepsIntoIdealTree Finishing
58 silly idealTree:prePrune pred_emp@1.0.0
58 silly idealTree:prePrune └── bootstrap@4.0.0
59 silly loadIdealTree Finishing
60 silly currentTree pred_emp@1.0.0
60 silly currentTree └── bootstrap@4.0.0
61 silly idealTree pred_emp@1.0.0
61 silly idealTree └── bootstrap@4.0.0
62 silly generateActionsToTake Starting
63 silly install generateActionsToTake
64 silly generateActionsToTake Finishing
65 silly diffTrees action count 0
66 silly decomposeActions action count 0
67 silly executeActions Starting
68 silly install executeActions
69 silly doSerial global-install 0
70 silly doParallel fetch 0
71 verbose lock using /home/fhissirou/.npm/_locks/staging-14685c2e169b57c1.lock for /opt/lampp/htdocs/www/pred_emp/node_modules/.staging
72 verbose unlock done using /home/fhissirou/.npm/_locks/staging-14685c2e169b57c1.lock for /opt/lampp/htdocs/www/pred_emp/node_modules/.staging
73 silly rollbackFailedOptional Starting
74 silly rollbackFailedOptional Finishing
75 silly runTopLevelLifecycles Starting
76 silly runTopLevelLifecycles Finishing
77 silly install printInstalled
78 warn bootstrap@4.0.0 requires a peer of jquery@1.9.1 - 3 but none was installed.
79 warn bootstrap@4.0.0 requires a peer of popper.js@^1.12.9 but none was installed.
80 verbose stack Error: EACCES: permission denied, mkdir '/opt/lampp/htdocs/www/pred_emp/node_modules/.staging'
80 verbose stack     at Error (native)
81 verbose cwd /opt/lampp/htdocs/www/pred_emp
82 error Linux 4.13.0-26-generic
83 error argv "/usr/bin/nodejs" "/usr/bin/npm" "install" "bootstrap"
84 error node v4.2.6
85 error npm  v3.5.2
86 error path /opt/lampp/htdocs/www/pred_emp/node_modules/.staging
87 error code EACCES
88 error errno -13
89 error syscall mkdir
90 error Error: EACCES: permission denied, mkdir '/opt/lampp/htdocs/www/pred_emp/node_modules/.staging'
90 error     at Error (native)
90 error  { [Error: EACCES: permission denied, mkdir '/opt/lampp/htdocs/www/pred_emp/node_modules/.staging']
90 error   errno: -13,
90 error   code: 'EACCES',
90 error   syscall: 'mkdir',
90 error   path: '/opt/lampp/htdocs/www/pred_emp/node_modules/.staging' }
91 error Please try running this command again as root/Administrator.
92 verbose exit [ -13, true ]
